[2025-09-15 01:35:34.903 INFO  workspace::logging] Logging initialized: /Users/bahram/ws/prj/lbvr-ws/ops/.ws/logs/ws.log
[2025-09-15 01:35:34.905 INFO  workspace::logging] Logging initialized: /Users/bahram/ws/prj/lbvr-ws/ops/.ws/logs/ws.log
[2025-09-15 01:35:34.905 DEBUG workspace::logging] Debug logging enabled, console level: Warn
[2025-09-15 01:35:34.905 DEBUG workspace::logging] Debug logging enabled, console level: Warn
[2025-09-15 01:35:34.905 INFO  workspace::logging] Workspace v0.62.182680
[2025-09-15 01:35:34.905 INFO  workspace::logging] Workspace v0.62.182680
[2025-09-15 01:35:34.905 INFO  ws] Starting workspace tool suite
[2025-09-15 01:35:34.920 INFO  workspace::logging] Starting refactor: root: "."
[2025-09-15 01:35:34.920 INFO  workspace::logging] Starting refactor: root: "."
[2025-09-15 01:35:38.569 INFO  workspace::logging] Completed refactor in 3.65s
[2025-09-15 01:35:38.569 INFO  workspace::logging] Completed refactor in 3.65s
[2025-09-15 01:35:38.570 INFO  ws] Workspace tool completed successfully
[2025-09-15 01:35:50.060 INFO  workspace::logging] Logging initialized: /Users/bahram/ws/prj/lbvr-ws/ops/.ws/logs/ws.log
[2025-09-15 01:35:50.062 INFO  workspace::logging] Logging initialized: /Users/bahram/ws/prj/lbvr-ws/ops/.ws/logs/ws.log
[2025-09-15 01:35:50.062 DEBUG workspace::logging] Debug logging enabled, console level: Warn
[2025-09-15 01:35:50.062 DEBUG workspace::logging] Debug logging enabled, console level: Warn
[2025-09-15 01:35:50.062 INFO  workspace::logging] Workspace v0.62.182680
[2025-09-15 01:35:50.062 INFO  workspace::logging] Workspace v0.62.182680
[2025-09-15 01:35:50.062 INFO  ws] Starting workspace tool suite
[2025-09-15 01:35:50.082 INFO  workspace::logging] Starting refactor: root: "."
[2025-09-15 01:35:50.082 INFO  workspace::logging] Starting refactor: root: "."
[2025-09-15 01:35:52.224 INFO  workspace::logging] Completed refactor in 2.14s
[2025-09-15 01:35:52.224 INFO  workspace::logging] Completed refactor in 2.14s
[2025-09-15 01:35:52.225 INFO  ws] Workspace tool completed successfully
[2025-09-15 01:36:08.085 INFO  workspace::logging] Logging initialized: /Users/bahram/ws/prj/lbvr-ws/ops/.ws/logs/ws.log
[2025-09-15 01:36:08.098 INFO  workspace::logging] Logging initialized: /Users/bahram/ws/prj/lbvr-ws/ops/.ws/logs/ws.log
[2025-09-15 01:36:08.098 DEBUG workspace::logging] Debug logging enabled, console level: Warn
[2025-09-15 01:36:08.098 DEBUG workspace::logging] Debug logging enabled, console level: Warn
[2025-09-15 01:36:08.098 INFO  workspace::logging] Workspace v0.62.182680
[2025-09-15 01:36:08.098 INFO  workspace::logging] Workspace v0.62.182680
[2025-09-15 01:36:08.098 INFO  ws] Starting workspace tool suite
[2025-09-15 01:36:08.125 INFO  workspace::logging] Starting refactor: root: "."
[2025-09-15 01:36:08.125 INFO  workspace::logging] Starting refactor: root: "."
[2025-09-15 01:36:17.786 INFO  workspace::logging] Completed refactor in 9.66s
[2025-09-15 01:36:17.786 INFO  workspace::logging] Completed refactor in 9.66s
[2025-09-15 01:36:17.786 INFO  ws] Workspace tool completed successfully
[2025-09-15 01:37:16.596 INFO  workspace::logging] Logging initialized: /Users/bahram/ws/prj/lbvr-ws/ops/.ws/logs/ws.log
[2025-09-15 01:37:16.602 INFO  workspace::logging] Logging initialized: /Users/bahram/ws/prj/lbvr-ws/ops/.ws/logs/ws.log
[2025-09-15 01:37:16.602 DEBUG workspace::logging] Debug logging enabled, console level: Warn
[2025-09-15 01:37:16.602 DEBUG workspace::logging] Debug logging enabled, console level: Warn
[2025-09-15 01:37:16.602 INFO  workspace::logging] Workspace v0.62.182680
[2025-09-15 01:37:16.602 INFO  workspace::logging] Workspace v0.62.182680
[2025-09-15 01:37:16.602 INFO  ws] Starting workspace tool suite
[2025-09-15 01:37:16.672 INFO  workspace::logging] Starting refactor: root: "."
[2025-09-15 01:37:16.672 INFO  workspace::logging] Starting refactor: root: "."
[2025-09-15 01:37:19.406 INFO  workspace::logging] Completed refactor in 2.75s
[2025-09-15 01:37:19.406 INFO  workspace::logging] Completed refactor in 2.75s
[2025-09-15 01:37:19.406 INFO  ws] Workspace tool completed successfully
[2025-09-15 01:37:54.393 INFO  workspace::logging] Logging initialized: /Users/bahram/ws/prj/lbvr-ws/ops/.ws/logs/ws.log
[2025-09-15 01:37:54.395 INFO  workspace::logging] Logging initialized: /Users/bahram/ws/prj/lbvr-ws/ops/.ws/logs/ws.log
[2025-09-15 01:37:54.395 DEBUG workspace::logging] Debug logging enabled, console level: Warn
[2025-09-15 01:37:54.395 DEBUG workspace::logging] Debug logging enabled, console level: Warn
[2025-09-15 01:37:54.395 INFO  workspace::logging] Workspace v0.62.182680
[2025-09-15 01:37:54.395 INFO  workspace::logging] Workspace v0.62.182680
[2025-09-15 01:37:54.395 INFO  ws] Starting workspace tool suite
[2025-09-15 01:37:54.418 INFO  workspace::logging] Starting refactor: root: "."
[2025-09-15 01:37:54.418 INFO  workspace::logging] Starting refactor: root: "."
[2025-09-15 01:37:55.495 INFO  workspace::logging] Completed refactor in 1.08s
[2025-09-15 01:37:55.495 INFO  workspace::logging] Completed refactor in 1.08s
[2025-09-15 01:37:55.495 INFO  ws] Workspace tool completed successfully
[2025-09-15 01:38:39.120 INFO  workspace::logging] Logging initialized: /Users/bahram/ws/prj/lbvr-ws/ops/.ws/logs/ws.log
[2025-09-15 01:38:39.122 INFO  workspace::logging] Logging initialized: /Users/bahram/ws/prj/lbvr-ws/ops/.ws/logs/ws.log
[2025-09-15 01:38:39.122 DEBUG workspace::logging] Debug logging enabled, console level: Warn
[2025-09-15 01:38:39.122 DEBUG workspace::logging] Debug logging enabled, console level: Warn
[2025-09-15 01:38:39.122 INFO  workspace::logging] Workspace v0.62.182680
[2025-09-15 01:38:39.123 INFO  workspace::logging] Workspace v0.62.182680
[2025-09-15 01:38:39.123 INFO  ws] Starting workspace tool suite
[2025-09-15 01:38:39.139 INFO  workspace::logging] Starting refactor: root: "."
[2025-09-15 01:38:39.139 INFO  workspace::logging] Starting refactor: root: "."
[2025-09-15 01:38:42.978 INFO  workspace::logging] Completed refactor in 3.84s
[2025-09-15 01:38:42.979 INFO  workspace::logging] Completed refactor in 3.84s
[2025-09-15 01:38:42.979 INFO  ws] Workspace tool completed successfully
[2025-09-15 01:39:24.908 INFO  workspace::logging] Logging initialized: /Users/bahram/ws/prj/lbvr-ws/ops/.ws/logs/ws.log
[2025-09-15 01:39:24.910 INFO  workspace::logging] Logging initialized: /Users/bahram/ws/prj/lbvr-ws/ops/.ws/logs/ws.log
[2025-09-15 01:39:24.910 DEBUG workspace::logging] Debug logging enabled, console level: Warn
[2025-09-15 01:39:24.910 DEBUG workspace::logging] Debug logging enabled, console level: Warn
[2025-09-15 01:39:24.910 INFO  workspace::logging] Workspace v0.62.182680
[2025-09-15 01:39:24.910 INFO  workspace::logging] Workspace v0.62.182680
[2025-09-15 01:39:24.910 INFO  ws] Starting workspace tool suite
[2025-09-15 01:39:24.929 INFO  workspace::logging] Starting refactor: root: "."
[2025-09-15 01:39:24.929 INFO  workspace::logging] Starting refactor: root: "."
[2025-09-15 01:39:27.131 INFO  workspace::logging] Completed refactor in 2.20s
[2025-09-15 01:39:27.131 INFO  workspace::logging] Completed refactor in 2.20s
[2025-09-15 01:39:27.132 INFO  ws] Workspace tool completed successfully
[2025-09-15 01:39:57.009 INFO  workspace::logging] Logging initialized: /Users/bahram/ws/prj/lbvr-ws/ops/.ws/logs/ws.log
[2025-09-15 01:39:57.011 INFO  workspace::logging] Logging initialized: /Users/bahram/ws/prj/lbvr-ws/ops/.ws/logs/ws.log
[2025-09-15 01:39:57.011 DEBUG workspace::logging] Debug logging enabled, console level: Warn
[2025-09-15 01:39:57.011 DEBUG workspace::logging] Debug logging enabled, console level: Warn
[2025-09-15 01:39:57.011 INFO  workspace::logging] Workspace v0.62.182680
[2025-09-15 01:39:57.011 INFO  workspace::logging] Workspace v0.62.182680
[2025-09-15 01:39:57.011 INFO  ws] Starting workspace tool suite
[2025-09-15 01:39:57.029 INFO  workspace::logging] Starting refactor: root: "."
[2025-09-15 01:39:57.029 INFO  workspace::logging] Starting refactor: root: "."
[2025-09-15 01:40:00.101 INFO  workspace::logging] Completed refactor in 3.07s
[2025-09-15 01:40:00.101 INFO  workspace::logging] Completed refactor in 3.07s
[2025-09-15 01:40:00.101 INFO  ws] Workspace tool completed successfully
[2025-09-15 11:10:56.917 INFO  workspace::logging] Logging initialized: /Users/bahram/ws/prj/lbvr-ws/ops/.ws/logs/ws.log
[2025-09-15 11:10:56.919 INFO  workspace::logging] Logging initialized: /Users/bahram/ws/prj/lbvr-ws/ops/.ws/logs/ws.log
[2025-09-15 11:10:56.919 DEBUG workspace::logging] Debug logging enabled, console level: Warn
[2025-09-15 11:10:56.919 DEBUG workspace::logging] Debug logging enabled, console level: Warn
[2025-09-15 11:10:56.919 INFO  workspace::logging] Workspace v0.62.182680
[2025-09-15 11:10:56.919 INFO  workspace::logging] Workspace v0.62.182680
[2025-09-15 11:10:56.919 INFO  ws] Starting workspace tool suite
[2025-09-15 11:10:56.933 INFO  workspace::scrap] Scrapped file: s.rs -> .scrap/s.rs
[2025-09-15 11:10:56.933 INFO  workspace::scrap] Scrapped file: s.rs -> .scrap/s.rs
[2025-09-15 11:10:56.933 INFO  ws] Workspace tool completed successfully
[2025-10-24 12:40:43.127 INFO  workspace::logging] Logging initialized: /Users/bahram/ws/prj/lbvr-ws/ops/.ws/logs/ws.log
[2025-10-24 12:40:43.128 INFO  workspace::logging] Logging initialized: /Users/bahram/ws/prj/lbvr-ws/ops/.ws/logs/ws.log
[2025-10-24 12:40:43.128 DEBUG workspace::logging] Debug logging enabled, console level: Warn
[2025-10-24 12:40:43.128 DEBUG workspace::logging] Debug logging enabled, console level: Warn
[2025-10-24 12:40:43.128 INFO  workspace::logging] Workspace v0.62.182680
[2025-10-24 12:40:43.128 INFO  workspace::logging] Workspace v0.62.182680
[2025-10-24 12:40:43.128 INFO  ws] Starting workspace tool suite
[2025-10-24 12:40:43.140 INFO  workspace::logging] Starting update: no_git: false, git_add: false
[2025-10-24 12:40:43.140 INFO  workspace::logging] Starting update: no_git: false, git_add: false
[2025-10-24 12:40:43.218 INFO  workspace::entities::database] Database indexes created successfully
[2025-10-24 12:40:43.218 INFO  workspace::entities::database] Database indexes created successfully
[2025-10-24 12:40:43.218 INFO  workspace::entities::database] Database tables initialized successfully
[2025-10-24 12:40:43.219 INFO  workspace::entities::database] Database tables initialized successfully
[2025-10-24 12:40:43.221 INFO  workspace::entities::database] Setting initial schema version to 1
[2025-10-24 12:40:43.221 INFO  workspace::entities::database] Setting initial schema version to 1
[2025-10-24 12:40:43.234 INFO  workspace::entities::database] Database indexes created successfully
[2025-10-24 12:40:43.234 INFO  workspace::entities::database] Database indexes created successfully
[2025-10-24 12:40:43.234 INFO  workspace::entities::database] Database tables initialized successfully
[2025-10-24 12:40:43.234 INFO  workspace::entities::database] Database tables initialized successfully
[2025-10-24 12:40:43.311 INFO  ws] Version updated to: 0.24.44004
[2025-10-24 12:40:43.371 INFO  workspace::entities::database] Database indexes created successfully
[2025-10-24 12:40:43.371 INFO  workspace::entities::database] Database indexes created successfully
[2025-10-24 12:40:43.371 INFO  workspace::entities::database] Database tables initialized successfully
[2025-10-24 12:40:43.371 INFO  workspace::entities::database] Database tables initialized successfully
[2025-10-24 12:40:43.435 INFO  workspace::st8::st8_common] Staged version file: version.txt
[2025-10-24 12:40:43.435 INFO  workspace::st8::st8_common] Staged version file: version.txt
[2025-10-24 12:40:43.449 INFO  workspace::st8::st8_common] Staged project file: /Users/bahram/ws/prj/lbvr-ws/ops/Cargo.toml
[2025-10-24 12:40:43.449 INFO  workspace::st8::st8_common] Staged project file: /Users/bahram/ws/prj/lbvr-ws/ops/Cargo.toml
[2025-10-24 12:40:43.449 INFO  workspace::st8::st8_common] Updated project files: /Users/bahram/ws/prj/lbvr-ws/ops/Cargo.toml
[2025-10-24 12:40:43.449 INFO  workspace::st8::st8_common] Updated project files: /Users/bahram/ws/prj/lbvr-ws/ops/Cargo.toml
[2025-10-24 12:40:43.449 INFO  ws] Updated version file: version.txt
[2025-10-24 12:40:43.450 INFO  workspace::logging] Completed update in 0.31s
[2025-10-24 12:40:43.450 INFO  workspace::logging] Completed update in 0.31s
[2025-10-24 12:40:43.450 INFO  ws] Workspace tool completed successfully
